<?xml version="1.0" encoding="UTF-8"?>
<testsuite name="TestSuite" time="9.619" tests="2" errors="0" skipped="0" failures="1">
  <properties>
    <property name="java.runtime.name" value="Java(TM) SE Runtime Environment"/>
    <property name="sun.boot.library.path" value="/usr/lib/jvm/java-1.6.0-sun-1.6.0/jre/lib/i386"/>
    <property name="java.vm.version" value="20.4-b02"/>
    <property name="java.vm.vendor" value="Sun Microsystems Inc."/>
    <property name="java.vendor.url" value="http://java.sun.com/"/>
    <property name="path.separator" value=":"/>
    <property name="guice.disable.misplaced.annotation.check" value="true"/>
    <property name="java.vm.name" value="Java HotSpot(TM) Server VM"/>
    <property name="file.encoding.pkg" value="sun.io"/>
    <property name="user.country" value="FR"/>
    <property name="sun.java.launcher" value="SUN_STANDARD"/>
    <property name="sun.os.patch.level" value="unknown"/>
    <property name="java.vm.specification.name" value="Java Virtual Machine Specification"/>
    <property name="user.dir" value="/home/fabioN/workspace/WebDriverTest"/>
    <property name="java.runtime.version" value="1.6.0_29-b11"/>
    <property name="java.awt.graphicsenv" value="sun.awt.X11GraphicsEnvironment"/>
    <property name="java.endorsed.dirs" value="/usr/lib/jvm/java-1.6.0-sun-1.6.0/jre/lib/endorsed"/>
    <property name="os.arch" value="i386"/>
    <property name="java.io.tmpdir" value="/tmp"/>
    <property name="line.separator" value="&#10;"/>
    <property name="java.vm.specification.vendor" value="Sun Microsystems Inc."/>
    <property name="os.name" value="Linux"/>
    <property name="classworlds.conf" value="/home/fabioN/apache-maven-3.0.4/bin/m2.conf"/>
    <property name="sun.jnu.encoding" value="UTF-8"/>
    <property name="java.library.path" value="/usr/lib/jvm/java-1.6.0-sun-1.6.0/jre/lib/i386/server:/usr/lib/jvm/java-1.6.0-sun-1.6.0/jre/lib/i386:/usr/lib/jvm/java-1.6.0-sun-1.6.0/jre/../lib/i386:/usr/java/packages/lib/i386:/lib:/usr/lib"/>
    <property name="java.specification.name" value="Java Platform API Specification"/>
    <property name="java.class.version" value="50.0"/>
    <property name="sun.management.compiler" value="HotSpot Tiered Compilers"/>
    <property name="os.version" value="2.6.37.6-24-desktop"/>
    <property name="user.home" value="/home/fabioN"/>
    <property name="user.timezone" value="America/Bogota"/>
    <property name="java.awt.printerjob" value="sun.print.PSPrinterJob"/>
    <property name="file.encoding" value="UTF-8"/>
    <property name="java.specification.version" value="1.6"/>
    <property name="user.name" value="fabioN"/>
    <property name="java.class.path" value="/home/fabioN/apache-maven-3.0.4/boot/plexus-classworlds-2.4.jar"/>
    <property name="java.vm.specification.version" value="1.0"/>
    <property name="sun.arch.data.model" value="32"/>
    <property name="java.home" value="/usr/lib/jvm/java-1.6.0-sun-1.6.0/jre"/>
    <property name="sun.java.command" value="org.codehaus.plexus.classworlds.launcher.Launcher test"/>
    <property name="java.specification.vendor" value="Sun Microsystems Inc."/>
    <property name="user.language" value="fr"/>
    <property name="java.vm.info" value="mixed mode"/>
    <property name="java.version" value="1.6.0_29"/>
    <property name="java.ext.dirs" value="/usr/lib/jvm/java-1.6.0-sun-1.6.0/jre/lib/ext:/usr/java/packages/lib/ext"/>
    <property name="securerandom.source" value="file:/dev/./urandom"/>
    <property name="sun.boot.class.path" value="/usr/lib/jvm/java-1.6.0-sun-1.6.0/jre/lib/resources.jar:/usr/lib/jvm/java-1.6.0-sun-1.6.0/jre/lib/rt.jar:/usr/lib/jvm/java-1.6.0-sun-1.6.0/jre/lib/sunrsasign.jar:/usr/lib/jvm/java-1.6.0-sun-1.6.0/jre/lib/jsse.jar:/usr/lib/jvm/java-1.6.0-sun-1.6.0/jre/lib/jce.jar:/usr/lib/jvm/java-1.6.0-sun-1.6.0/jre/lib/charsets.jar:/usr/lib/jvm/java-1.6.0-sun-1.6.0/jre/lib/modules/jdk.boot.jar:/usr/lib/jvm/java-1.6.0-sun-1.6.0/jre/classes"/>
    <property name="java.vendor" value="Sun Microsystems Inc."/>
    <property name="maven.home" value="/home/fabioN/apache-maven-3.0.4"/>
    <property name="file.separator" value="/"/>
    <property name="java.vendor.url.bug" value="http://java.sun.com/cgi-bin/bugreport.cgi"/>
    <property name="sun.cpu.endian" value="little"/>
    <property name="sun.io.unicode.encoding" value="UnicodeLittle"/>
    <property name="sun.desktop" value="gnome"/>
    <property name="sun.cpu.isalist" value=""/>
  </properties>
  <testcase name="browseItems" classname="com.globant.training.CopyOfEtsyTest" time="9.483"/>
  <testcase name="browseItems" classname="com.globant.training.EtsyTest" time="0.136">
    <failure message="This is not the right page" type="java.lang.IllegalStateException"><![CDATA[java.lang.IllegalStateException: This is not the right page
	at com.globant.training.etsy.pages.CommonPage.checkCorrectPage(CommonPage.java:30)
	at com.globant.training.etsy.pages.CommonPage.<init>(CommonPage.java:25)
	at com.globant.training.etsy.pages.HomePage.<init>(HomePage.java:12)
	at com.globant.training.EtsyTest.browseItems(EtsyTest.java:40)
]]></failure>
  </testcase>
</testsuite>