<?xml version="1.0" encoding="UTF-8"?>
<!-- Generated by org.testng.reporters.JUnitReportReporter -->
<testsuite hostname="linux-ro21.site" name="com.globant.training.CopyOfEtsyTest" tests="1" failures="0" timestamp="10 May 2013 06:13:31 GMT" time="23.612" errors="0">
  <testcase name="browseItems" time="23.612" classname="com.globant.training.CopyOfEtsyTest"/>
</testsuite> <!-- com.globant.training.CopyOfEtsyTest -->
